Determining if the function pthread_create exists in the pthreads failed with the following output:
make -f CMakeFiles/cmTryCompileExec.dir/build.make CMakeFiles/cmTryCompileExec.dir/build
make[1]: Entering directory `/Users/lijon/Coding/AlgoScore/src/build.dbg/CMakeFiles/CMakeTmp'
/System/Links/Executables/cmake -E cmake_progress_report /Users/lijon/Coding/AlgoScore/src/build.dbg/CMakeFiles/CMakeTmp/CMakeFiles 1
Building C object CMakeFiles/cmTryCompileExec.dir/CheckFunctionExists.o
/System/Links/Executables/gcc  -g -O2   -DCHECK_FUNCTION_EXISTS=pthread_create   -o CMakeFiles/cmTryCompileExec.dir/CheckFunctionExists.o   -c /Programs/CMake/2.4.7/share/cmake-2.4/Modules/CheckFunctionExists.c
Linking C executable cmTryCompileExec
/System/Links/Executables/cmake -P CMakeFiles/cmTryCompileExec.dir/cmake_clean_target.cmake
/System/Links/Executables/gcc   -g -O2   -DCHECK_FUNCTION_EXISTS=pthread_create  -fPIC "CMakeFiles/cmTryCompileExec.dir/CheckFunctionExists.o"   -o cmTryCompileExec -rdynamic -lpthreads 
/System/Links/Executables/ld: cannot find -lpthreads
collect2: ld returned 1 exit status
make[1]: *** [cmTryCompileExec] Error 1
make[1]: Leaving directory `/Users/lijon/Coding/AlgoScore/src/build.dbg/CMakeFiles/CMakeTmp'
make: *** [cmTryCompileExec/fast] Error 2


Determining if the function pthread_create exists in the pthreads failed with the following output:
make -f CMakeFiles/cmTryCompileExec.dir/build.make CMakeFiles/cmTryCompileExec.dir/build
make[1]: Entering directory `/Users/lijon/Coding/AlgoScore/src/build.dbg/CMakeFiles/CMakeTmp'
/System/Links/Executables/cmake -E cmake_progress_report /Users/lijon/Coding/AlgoScore/src/build.dbg/CMakeFiles/CMakeTmp/CMakeFiles 1
Building C object CMakeFiles/cmTryCompileExec.dir/CheckFunctionExists.o
/System/Links/Executables/gcc  -O2 -g   -DCHECK_FUNCTION_EXISTS=pthread_create   -o CMakeFiles/cmTryCompileExec.dir/CheckFunctionExists.o   -c /Programs/CMake/2.4.7/share/cmake-2.4/Modules/CheckFunctionExists.c
Linking C executable cmTryCompileExec
/System/Links/Executables/cmake -P CMakeFiles/cmTryCompileExec.dir/cmake_clean_target.cmake
/System/Links/Executables/gcc   -O2 -g   -DCHECK_FUNCTION_EXISTS=pthread_create  -fPIC "CMakeFiles/cmTryCompileExec.dir/CheckFunctionExists.o"   -o cmTryCompileExec -rdynamic -lpthreads 
/System/Links/Executables/ld: cannot find -lpthreads
collect2: ld returned 1 exit status
make[1]: *** [cmTryCompileExec] Error 1
make[1]: Leaving directory `/Users/lijon/Coding/AlgoScore/src/build.dbg/CMakeFiles/CMakeTmp'
make: *** [cmTryCompileExec/fast] Error 2


Determining if the function pthread_create exists in the pthreads failed with the following output:
make -f CMakeFiles/cmTryCompileExec.dir/build.make CMakeFiles/cmTryCompileExec.dir/build
make[1]: Entering directory `/Users/lijon/Coding/AlgoScore/src/build.dbg/CMakeFiles/CMakeTmp'
/System/Links/Executables/cmake -E cmake_progress_report /Users/lijon/Coding/AlgoScore/src/build.dbg/CMakeFiles/CMakeTmp/CMakeFiles 1
Building C object CMakeFiles/cmTryCompileExec.dir/CheckFunctionExists.o
/System/Links/Executables/gcc  -O2 -g   -DCHECK_FUNCTION_EXISTS=pthread_create   -o CMakeFiles/cmTryCompileExec.dir/CheckFunctionExists.o   -c /Programs/CMake/2.4.7/share/cmake-2.4/Modules/CheckFunctionExists.c
Linking C executable cmTryCompileExec
/System/Links/Executables/cmake -P CMakeFiles/cmTryCompileExec.dir/cmake_clean_target.cmake
/System/Links/Executables/gcc   -O2 -g   -DCHECK_FUNCTION_EXISTS=pthread_create  -fPIC "CMakeFiles/cmTryCompileExec.dir/CheckFunctionExists.o"   -o cmTryCompileExec -rdynamic -lpthreads 
/System/Links/Executables/ld: cannot find -lpthreads
collect2: ld returned 1 exit status
make[1]: *** [cmTryCompileExec] Error 1
make[1]: Leaving directory `/Users/lijon/Coding/AlgoScore/src/build.dbg/CMakeFiles/CMakeTmp'
make: *** [cmTryCompileExec/fast] Error 2


Determining if the function pthread_create exists in the pthreads failed with the following output:
make -f CMakeFiles/cmTryCompileExec.dir/build.make CMakeFiles/cmTryCompileExec.dir/build
make[1]: Entering directory `/Users/lijon/Coding/AlgoScore/src/build.dbg/CMakeFiles/CMakeTmp'
/System/Links/Executables/cmake -E cmake_progress_report /Users/lijon/Coding/AlgoScore/src/build.dbg/CMakeFiles/CMakeTmp/CMakeFiles 1
Building C object CMakeFiles/cmTryCompileExec.dir/CheckFunctionExists.o
/System/Links/Executables/gcc  -O2 -g   -DCHECK_FUNCTION_EXISTS=pthread_create   -o CMakeFiles/cmTryCompileExec.dir/CheckFunctionExists.o   -c /Programs/CMake/2.4.7/share/cmake-2.4/Modules/CheckFunctionExists.c
Linking C executable cmTryCompileExec
/System/Links/Executables/cmake -P CMakeFiles/cmTryCompileExec.dir/cmake_clean_target.cmake
/System/Links/Executables/gcc   -O2 -g   -DCHECK_FUNCTION_EXISTS=pthread_create  -fPIC "CMakeFiles/cmTryCompileExec.dir/CheckFunctionExists.o"   -o cmTryCompileExec -rdynamic -lpthreads 
/System/Links/Executables/ld: cannot find -lpthreads
collect2: ld returned 1 exit status
make[1]: *** [cmTryCompileExec] Error 1
make[1]: Leaving directory `/Users/lijon/Coding/AlgoScore/src/build.dbg/CMakeFiles/CMakeTmp'
make: *** [cmTryCompileExec/fast] Error 2


